android/app/build/outputs/logs/manifest-merger-release-report.txt
-- Merging decision tree log ---
manifest
ADDED from src\main\AndroidManifest.xml:1:1-115:12
INJECTED from src\main\AndroidManifest.xml:1:1-115:12
INJECTED from src\main\AndroidManifest.xml:1:1-115:12
INJECTED from src\main\AndroidManifest.xml:1:1-115:12
MERGED from [:flutter_inappwebview] AndroidManifest.xml:2:1-29:12
MERGED from [:url_launcher] AndroidManifest.xml:2:1-14:12
MERGED from [:path_provider] AndroidManifest.xml:2:1-7:12
MERGED from [:android_intent_plus] AndroidManifest.xml:2:1-7:12
MERGED from [:permission_handler] AndroidManifest.xml:2:1-7:12
MERGED from [:flutter_downloader] AndroidManifest.xml:2:1-14:12
MERGED from [:webview_flutter_android] AndroidManifest.xml:2:1-7:12
MERGED from [androidx.webkit:webkit:1.4.0] AndroidManifest.xml:17:1-24:12
MERGED from [androidx.browser:browser:1.3.0] AndroidManifest.xml:17:1-24:12
MERGED from [androidx.appcompat:appcompat:1.2.0] AndroidManifest.xml:17:1-24:12
MERGED from [androidx.swiperefreshlayout:swiperefreshlayout:1.1.0] AndroidManifest.xml:17:1-24:12
MERGED from [androidx.work:work-runtime:2.7.0-rc01] AndroidManifest.xml:17:1-145:12
MERGED from [androidx.fragment:fragment:1.3.6] AndroidManifest.xml:17:1-24:12
MERGED from [androidx.appcompat:appcompat-resources:1.2.0] AndroidManifest.xml:17:1-24:12
MERGED from [androidx.drawerlayout:drawerlayout:1.0.0] AndroidManifest.xml:17:1-22:12
MERGED from [androidx.viewpager:viewpager:1.0.0] AndroidManifest.xml:17:1-22:12
MERGED from [androidx.loader:loader:1.0.0] AndroidManifest.xml:17:1-22:12
MERGED from [androidx.activity:activity:1.2.4] AndroidManifest.xml:17:1-24:12
MERGED from [androidx.vectordrawable:vectordrawable-animated:1.1.0] AndroidManifest.xml:17:1-24:12
MERGED from [androidx.vectordrawable:vectordrawable:1.1.0] AndroidManifest.xml:17:1-24:12
MERGED from [androidx.customview:customview:1.0.0] AndroidManifest.xml:17:1-22:12
MERGED from [androidx.core:core:1.6.0] AndroidManifest.xml:17:1-26:12
MERGED from [androidx.versionedparcelable:versionedparcelable:1.1.1] AndroidManifest.xml:17:1-27:12
MERGED from [androidx.interpolator:interpolator:1.0.0] AndroidManifest.xml:17:1-22:12
MERGED from [androidx.cursoradapter:cursoradapter:1.0.0] AndroidManifest.xml:17:1-22:12
MERGED from [androidx.startup:startup-runtime:1.0.0] AndroidManifest.xml:17:1-33:12
MERGED from [androidx.tracing:tracing:1.0.0] AndroidManifest.xml:17:1-24:12
MERGED from [androidx.room:room-runtime:2.2.5] AndroidManifest.xml:17:1-31:12
MERGED from [androidx.sqlite:sqlite-framework:2.1.0] AndroidManifest.xml:17:1-24:12
MERGED from [androidx.sqlite:sqlite:2.1.0] AndroidManifest.xml:17:1-24:12
MERGED from [androidx.lifecycle:lifecycle-viewmodel-savedstate:2.3.1] AndroidManifest.xml:17:1-24:12
MERGED from [androidx.lifecycle:lifecycle-viewmodel:2.3.1] AndroidManifest.xml:17:1-24:12
MERGED from [androidx.savedstate:savedstate:1.1.0] AndroidManifest.xml:17:1-24:12
MERGED from [androidx.lifecycle:lifecycle-livedata:2.1.0] AndroidManifest.xml:17:1-22:12
MERGED from [androidx.lifecycle:lifecycle-livedata-core:2.3.1] AndroidManifest.xml:17:1-24:12
MERGED from [androidx.lifecycle:lifecycle-service:2.1.0] AndroidManifest.xml:17:1-22:12
MERGED from [androidx.lifecycle:lifecycle-runtime:2.3.1] AndroidManifest.xml:17:1-24:12
MERGED from [androidx.arch.core:core-runtime:2.1.0] AndroidManifest.xml:17:1-24:12
MERGED from [androidx.annotation:annotation-experimental:1.1.0] AndroidManifest.xml:17:1-24:12
INJECTED from src\main\AndroidManifest.xml:1:1-115:12
INJECTED from src\main\AndroidManifest.xml:1:1-115:12
INJECTED from src\main\AndroidManifest.xml:1:1-115:12
	package
		ADDED from src\main\AndroidManifest.xml:2:5-34
		INJECTED from src\main\AndroidManifest.xml
		INJECTED from src\main\AndroidManifest.xml
	android:versionName
		INJECTED from src\main\AndroidManifest.xml
		ADDED from src\main\AndroidManifest.xml:1:1-115:12
		INJECTED from src\main\AndroidManifest.xml
	android:versionCode
		INJECTED from src\main\AndroidManifest.xml
		ADDED from src\main\AndroidManifest.xml:1:1-115:12
		INJECTED from src\main\AndroidManifest.xml
	xmlns:android
		ADDED from src\main\AndroidManifest.xml:1:11-69
uses-permission#android.permission.INTERNET
ADDED from src\main\AndroidManifest.xml:3:5-66
	android:name
		ADDED from src\main\AndroidManifest.xml:3:22-64
uses-permission#android.permission.READ_CONTACTS
ADDED from src\main\AndroidManifest.xml:6:5-71
	android:name
		ADDED from src\main\AndroidManifest.xml:6:22-69
uses-permission#android.permission.WRITE_CONTACTS
ADDED from src\main\AndroidManifest.xml:7:5-72
	android:name
		ADDED from src\main\AndroidManifest.xml:7:22-70
uses-permission#android.permission.GET_ACCOUNTS
ADDED from src\main\AndroidManifest.xml:8:5-70
	android:name
		ADDED from src\main\AndroidManifest.xml:8:22-68
uses-permission#android.permission.READ_EXTERNAL_STORAGE
ADDED from src\main\AndroidManifest.xml:11:5-79
	android:name
		ADDED from src\main\AndroidManifest.xml:11:22-77
uses-permission#android.permission.WRITE_EXTERNAL_STORAGE
ADDED from src\main\AndroidManifest.xml:12:5-80
	android:name
		ADDED from src\main\AndroidManifest.xml:12:22-78
uses-permission#android.permission.CAMERA
ADDED from src\main\AndroidManifest.xml:15:5-64
	android:name
		ADDED from src\main\AndroidManifest.xml:15:22-62
uses-permission#android.permission.SEND_SMS
ADDED from src\main\AndroidManifest.xml:18:5-66
	android:name
		ADDED from src\main\AndroidManifest.xml:18:22-64
uses-permission#android.permission.RECEIVE_SMS
ADDED from src\main\AndroidManifest.xml:19:5-69
	android:name
		ADDED from src\main\AndroidManifest.xml:19:22-67
uses-permission#android.permission.READ_SMS
ADDED from src\main\AndroidManifest.xml:20:5-66
	android:name
		ADDED from src\main\AndroidManifest.xml:20:22-64
uses-permission#android.permission.RECEIVE_WAP_PUSH
ADDED from src\main\AndroidManifest.xml:21:5-74
	android:name
		ADDED from src\main\AndroidManifest.xml:21:22-72
uses-permission#android.permission.RECEIVE_MMS
ADDED from src\main\AndroidManifest.xml:22:5-69
	android:name
		ADDED from src\main\AndroidManifest.xml:22:22-67
uses-permission#android.permission.READ_PHONE_STATE
ADDED from src\main\AndroidManifest.xml:25:5-74
	android:name
		ADDED from src\main\AndroidManifest.xml:25:22-72
uses-permission#android.permission.CALL_PHONE
ADDED from src\main\AndroidManifest.xml:26:5-68
	android:name
		ADDED from src\main\AndroidManifest.xml:26:22-66
uses-permission#android.permission.ADD_VOICEMAIL
ADDED from src\main\AndroidManifest.xml:27:5-71
	android:name
		ADDED from src\main\AndroidManifest.xml:27:22-69
uses-permission#android.permission.USE_SIP
ADDED from src\main\AndroidManifest.xml:28:5-65
	android:name
		ADDED from src\main\AndroidManifest.xml:28:22-63
uses-permission#android.permission.READ_CALL_LOG
ADDED from src\main\AndroidManifest.xml:29:5-71
	android:name
		ADDED from src\main\AndroidManifest.xml:29:22-69
uses-permission#android.permission.WRITE_CALL_LOG
ADDED from src\main\AndroidManifest.xml:30:5-72
	android:name
		ADDED from src\main\AndroidManifest.xml:30:22-70
uses-permission#android.permission.BIND_CALL_REDIRECTION_SERVICE
ADDED from src\main\AndroidManifest.xml:31:5-87
	android:name
		ADDED from src\main\AndroidManifest.xml:31:22-85
uses-permission#android.permission.READ_CALENDAR
ADDED from src\main\AndroidManifest.xml:34:5-72
	android:name
		ADDED from src\main\AndroidManifest.xml:34:22-69
uses-permission#android.permission.WRITE_CALENDAR
ADDED from src\main\AndroidManifest.xml:35:5-73
	android:name
		ADDED from src\main\AndroidManifest.xml:35:22-70
uses-permission#android.permission.ACCESS_FINE_LOCATION
ADDED from src\main\AndroidManifest.xml:38:5-79
	android:name
		ADDED from src\main\AndroidManifest.xml:38:22-76
uses-permission#android.permission.ACCESS_COARSE_LOCATION
ADDED from src\main\AndroidManifest.xml:39:5-81
	android:name
		ADDED from src\main\AndroidManifest.xml:39:22-78
uses-permission#android.permission.ACCESS_BACKGROUND_LOCATION
ADDED from src\main\AndroidManifest.xml:40:5-85
	android:name
		ADDED from src\main\AndroidManifest.xml:40:22-82
uses-permission#android.permission.RECORD_AUDIO
ADDED from src\main\AndroidManifest.xml:43:5-71
	android:name
		ADDED from src\main\AndroidManifest.xml:43:22-68
uses-permission#android.permission.BODY_SENSORS
ADDED from src\main\AndroidManifest.xml:46:5-71
	android:name
		ADDED from src\main\AndroidManifest.xml:46:22-68
uses-permission#android.permission.ACCESS_MEDIA_LOCATION
ADDED from src\main\AndroidManifest.xml:49:5-80
	android:name
		ADDED from src\main\AndroidManifest.xml:49:22-77
uses-permission#android.permission.ACTIVITY_RECOGNITION
ADDED from src\main\AndroidManifest.xml:52:5-79
	android:name
		ADDED from src\main\AndroidManifest.xml:52:22-76
uses-permission#android.permission.REQUEST_IGNORE_BATTERY_OPTIMIZATIONS
ADDED from src\main\AndroidManifest.xml:55:5-95
	android:name
		ADDED from src\main\AndroidManifest.xml:55:22-92
uses-permission#android.permission.BLUETOOTH
ADDED from src\main\AndroidManifest.xml:58:5-68
	android:name
		ADDED from src\main\AndroidManifest.xml:58:22-65
uses-permission#android.permission.BLUETOOTH_SCAN
ADDED from src\main\AndroidManifest.xml:59:5-73
	android:name
		ADDED from src\main\AndroidManifest.xml:59:22-70
uses-permission#android.permission.BLUETOOTH_ADVERTISE
ADDED from src\main\AndroidManifest.xml:60:5-78
	android:name
		ADDED from src\main\AndroidManifest.xml:60:22-75
uses-permission#android.permission.BLUETOOTH_CONNECT
ADDED from src\main\AndroidManifest.xml:61:5-76
	android:name
		ADDED from src\main\AndroidManifest.xml:61:22-73
uses-permission#android.permission.MANAGE_EXTERNAL_STORAGE
ADDED from src\main\AndroidManifest.xml:64:5-82
	android:name
		ADDED from src\main\AndroidManifest.xml:64:22-79
uses-permission#android.permission.SYSTEM_ALERT_WINDOW
ADDED from src\main\AndroidManifest.xml:67:5-78
	android:name
		ADDED from src\main\AndroidManifest.xml:67:22-75
uses-permission#android.permission.REQUEST_INSTALL_PACKAGES
ADDED from src\main\AndroidManifest.xml:70:5-83
	android:name
		ADDED from src\main\AndroidManifest.xml:70:22-80
uses-permission#android.permission.ACCESS_NOTIFICATION_POLICY
ADDED from src\main\AndroidManifest.xml:73:5-84
	android:name
		ADDED from src\main\AndroidManifest.xml:73:22-82
uses-feature#android.hardware.camera
ADDED from src\main\AndroidManifest.xml:75:5-60
	android:name
		ADDED from src\main\AndroidManifest.xml:75:19-57
application
ADDED from src\main\AndroidManifest.xml:76:4-114:19
MERGED from [:flutter_inappwebview] AndroidManifest.xml:13:5-27:19
MERGED from [:flutter_inappwebview] AndroidManifest.xml:13:5-27:19
MERGED from [:url_launcher] AndroidManifest.xml:7:5-12:19
MERGED from [:url_launcher] AndroidManifest.xml:7:5-12:19
MERGED from [androidx.work:work-runtime:2.7.0-rc01] AndroidManifest.xml:30:5-143:19
MERGED from [androidx.work:work-runtime:2.7.0-rc01] AndroidManifest.xml:30:5-143:19
MERGED from [androidx.core:core:1.6.0] AndroidManifest.xml:24:5-89
MERGED from [androidx.core:core:1.6.0] AndroidManifest.xml:24:5-89
MERGED from [androidx.versionedparcelable:versionedparcelable:1.1.1] AndroidManifest.xml:24:5-25:19
MERGED from [androidx.versionedparcelable:versionedparcelable:1.1.1] AndroidManifest.xml:24:5-25:19
MERGED from [androidx.startup:startup-runtime:1.0.0] AndroidManifest.xml:25:5-31:19
MERGED from [androidx.startup:startup-runtime:1.0.0] AndroidManifest.xml:25:5-31:19
MERGED from [androidx.room:room-runtime:2.2.5] AndroidManifest.xml:24:5-29:19
MERGED from [androidx.room:room-runtime:2.2.5] AndroidManifest.xml:24:5-29:19
	android:appComponentFactory
		ADDED from [androidx.core:core:1.6.0] AndroidManifest.xml:24:18-86
	android:label
		ADDED from src\main\AndroidManifest.xml:77:9-32
	android:icon
		ADDED from src\main\AndroidManifest.xml:78:9-43
	android:usesCleartextTraffic
		ADDED from src\main\AndroidManifest.xml:79:9-44
activity#com.example.webview.MainActivity
ADDED from src\main\AndroidManifest.xml:80:9-108:20
	android:launchMode
		ADDED from src\main\AndroidManifest.xml:82:13-43
	android:hardwareAccelerated
		ADDED from src\main\AndroidManifest.xml:85:13-47
	android:windowSoftInputMode
		ADDED from src\main\AndroidManifest.xml:86:13-55
	android:configChanges
		ADDED from src\main\AndroidManifest.xml:84:13-163
	android:theme
		ADDED from src\main\AndroidManifest.xml:83:13-47
	android:name
		ADDED from src\main\AndroidManifest.xml:81:13-41
meta-data#io.flutter.embedding.android.NormalTheme
ADDED from src\main\AndroidManifest.xml:91:13-94:17
	android:resource
		ADDED from src\main\AndroidManifest.xml:93:15-52
	android:name
		ADDED from src\main\AndroidManifest.xml:92:15-70
meta-data#io.flutter.embedding.android.SplashScreenDrawable
ADDED from src\main\AndroidManifest.xml:100:13-103:17
	android:resource
		ADDED from src\main\AndroidManifest.xml:102:15-61
	android:name
		ADDED from src\main\AndroidManifest.xml:101:15-79
intent-filter#action:name:android.intent.action.MAIN+category:name:android.intent.category.LAUNCHER
ADDED from src\main\AndroidManifest.xml:104:13-107:29
action#android.intent.action.MAIN
ADDED from src\main\AndroidManifest.xml:105:17-68
	android:name
		ADDED from src\main\AndroidManifest.xml:105:25-66
category#android.intent.category.LAUNCHER
ADDED from src\main\AndroidManifest.xml:106:17-76
	android:name
		ADDED from src\main\AndroidManifest.xml:106:27-74
meta-data#flutterEmbedding
ADDED from src\main\AndroidManifest.xml:111:9-113:33
	android:value
		ADDED from src\main\AndroidManifest.xml:113:13-30
	android:name
		ADDED from src\main\AndroidManifest.xml:112:13-44
uses-sdk
INJECTED from src\main\AndroidManifest.xml reason: use-sdk injection requested
INJECTED from src\main\AndroidManifest.xml
INJECTED from src\main\AndroidManifest.xml
MERGED from [:flutter_inappwebview] AndroidManifest.xml:5:5-44
MERGED from [:flutter_inappwebview] AndroidManifest.xml:5:5-44
MERGED from [:url_launcher] AndroidManifest.xml:5:5-44
MERGED from [:url_launcher] AndroidManifest.xml:5:5-44
MERGED from [:path_provider] AndroidManifest.xml:5:5-44
MERGED from [:path_provider] AndroidManifest.xml:5:5-44
MERGED from [:android_intent_plus] AndroidManifest.xml:5:5-44
MERGED from [:android_intent_plus] AndroidManifest.xml:5:5-44
MERGED from [:permission_handler] AndroidManifest.xml:5:5-44
MERGED from [:permission_handler] AndroidManifest.xml:5:5-44
MERGED from [:flutter_downloader] AndroidManifest.xml:5:5-44
MERGED from [:flutter_downloader] AndroidManifest.xml:5:5-44
MERGED from [:webview_flutter_android] AndroidManifest.xml:5:5-44
MERGED from [:webview_flutter_android] AndroidManifest.xml:5:5-44
MERGED from [androidx.webkit:webkit:1.4.0] AndroidManifest.xml:20:5-22:41
MERGED from [androidx.webkit:webkit:1.4.0] AndroidManifest.xml:20:5-22:41
MERGED from [androidx.browser:browser:1.3.0] AndroidManifest.xml:20:5-22:41
MERGED from [androidx.browser:browser:1.3.0] AndroidManifest.xml:20:5-22:41
MERGED from [androidx.appcompat:appcompat:1.2.0] AndroidManifest.xml:20:5-22:41
MERGED from [androidx.appcompat:appcompat:1.2.0] AndroidManifest.xml:20:5-22:41
MERGED from [androidx.swiperefreshlayout:swiperefreshlayout:1.1.0] AndroidManifest.xml:20:5-22:41
MERGED from [androidx.swiperefreshlayout:swiperefreshlayout:1.1.0] AndroidManifest.xml:20:5-22:41
MERGED from [androidx.work:work-runtime:2.7.0-rc01] AndroidManifest.xml:21:5-23:41
MERGED from [androidx.work:work-runtime:2.7.0-rc01] AndroidManifest.xml:21:5-23:41
MERGED from [androidx.fragment:fragment:1.3.6] AndroidManifest.xml:20:5-22:41
MERGED from [androidx.fragment:fragment:1.3.6] AndroidManifest.xml:20:5-22:41
MERGED from [androidx.appcompat:appcompat-resources:1.2.0] AndroidManifest.xml:20:5-22:41
MERGED from [androidx.appcompat:appcompat-resources:1.2.0] AndroidManifest.xml:20:5-22:41
MERGED from [androidx.drawerlayout:drawerlayout:1.0.0] AndroidManifest.xml:20:5-44
MERGED from [androidx.drawerlayout:drawerlayout:1.0.0] AndroidManifest.xml:20:5-44
MERGED from [androidx.viewpager:viewpager:1.0.0] AndroidManifest.xml:20:5-44
MERGED from [androidx.viewpager:viewpager:1.0.0] AndroidManifest.xml:20:5-44
MERGED from [androidx.loader:loader:1.0.0] AndroidManifest.xml:20:5-44
MERGED from [androidx.loader:loader:1.0.0] AndroidManifest.xml:20:5-44
MERGED from [androidx.activity:activity:1.2.4] AndroidManifest.xml:20:5-22:41
MERGED from [androidx.activity:activity:1.2.4] AndroidManifest.xml:20:5-22:41
MERGED from [androidx.vectordrawable:vectordrawable-animated:1.1.0] AndroidManifest.xml:20:5-22:41
MERGED from [androidx.vectordrawable:vectordrawable-animated:1.1.0] AndroidManifest.xml:20:5-22:41
MERGED from [androidx.vectordrawable:vectordrawable:1.1.0] AndroidManifest.xml:20:5-22:41
MERGED from [androidx.vectordrawable:vectordrawable:1.1.0] AndroidManifest.xml:20:5-22:41
MERGED from [androidx.customview:customview:1.0.0] AndroidManifest.xml:20:5-44
MERGED from [androidx.customview:customview:1.0.0] AndroidManifest.xml:20:5-44
MERGED from [androidx.core:core:1.6.0] AndroidManifest.xml:20:5-22:41
MERGED from [androidx.core:core:1.6.0] AndroidManifest.xml:20:5-22:41
MERGED from [androidx.versionedparcelable:versionedparcelable:1.1.1] AndroidManifest.xml:20:5-22:41
MERGED from [androidx.versionedparcelable:versionedparcelable:1.1.1] AndroidManifest.xml:20:5-22:41
MERGED from [androidx.interpolator:interpolator:1.0.0] AndroidManifest.xml:20:5-44
MERGED from [androidx.interpolator:interpolator:1.0.0] AndroidManifest.xml:20:5-44
MERGED from [androidx.cursoradapter:cursoradapter:1.0.0] AndroidManifest.xml:20:5-44
MERGED from [androidx.cursoradapter:cursoradapter:1.0.0] AndroidManifest.xml:20:5-44
MERGED from [androidx.startup:startup-runtime:1.0.0] AndroidManifest.xml:21:5-23:41
MERGED from [androidx.startup:startup-runtime:1.0.0] AndroidManifest.xml:21:5-23:41
MERGED from [androidx.tracing:tracing:1.0.0] AndroidManifest.xml:20:5-22:41
MERGED from [androidx.tracing:tracing:1.0.0] AndroidManifest.xml:20:5-22:41
MERGED from [androidx.room:room-runtime:2.2.5] AndroidManifest.xml:20:5-22:41
MERGED from [androidx.room:room-runtime:2.2.5] AndroidManifest.xml:20:5-22:41
MERGED from [androidx.sqlite:sqlite-framework:2.1.0] AndroidManifest.xml:20:5-22:41
MERGED from [androidx.sqlite:sqlite-framework:2.1.0] AndroidManifest.xml:20:5-22:41
MERGED from [androidx.sqlite:sqlite:2.1.0] AndroidManifest.xml:20:5-22:41
MERGED from [androidx.sqlite:sqlite:2.1.0] AndroidManifest.xml:20:5-22:41
MERGED from [androidx.lifecycle:lifecycle-viewmodel-savedstate:2.3.1] AndroidManifest.xml:20:5-22:41
MERGED from [androidx.lifecycle:lifecycle-viewmodel-savedstate:2.3.1] AndroidManifest.xml:20:5-22:41
MERGED from [androidx.lifecycle:lifecycle-viewmodel:2.3.1] AndroidManifest.xml:20:5-22:41
MERGED from [androidx.lifecycle:lifecycle-viewmodel:2.3.1] AndroidManifest.xml:20:5-22:41
MERGED from [androidx.savedstate:savedstate:1.1.0] AndroidManifest.xml:20:5-22:41
MERGED from [androidx.savedstate:savedstate:1.1.0] AndroidManifest.xml:20:5-22:41
MERGED from [androidx.lifecycle:lifecycle-livedata:2.1.0] AndroidManifest.xml:20:5-44
MERGED from [androidx.lifecycle:lifecycle-livedata:2.1.0] AndroidManifest.xml:20:5-44
MERGED from [androidx.lifecycle:lifecycle-livedata-core:2.3.1] AndroidManifest.xml:20:5-22:41
MERGED from [androidx.lifecycle:lifecycle-livedata-core:2.3.1] AndroidManifest.xml:20:5-22:41
MERGED from [androidx.lifecycle:lifecycle-service:2.1.0] AndroidManifest.xml:20:5-44
MERGED from [androidx.lifecycle:lifecycle-service:2.1.0] AndroidManifest.xml:20:5-44
MERGED from [androidx.lifecycle:lifecycle-runtime:2.3.1] AndroidManifest.xml:20:5-22:41
MERGED from [androidx.lifecycle:lifecycle-runtime:2.3.1] AndroidManifest.xml:20:5-22:41
MERGED from [androidx.arch.core:core-runtime:2.1.0] AndroidManifest.xml:20:5-22:41
MERGED from [androidx.arch.core:core-runtime:2.1.0] AndroidManifest.xml:20:5-22:41
MERGED from [androidx.annotation:annotation-experimental:1.1.0] AndroidManifest.xml:20:5-22:41
MERGED from [androidx.annotation:annotation-experimental:1.1.0] AndroidManifest.xml:20:5-22:41
INJECTED from src\main\AndroidManifest.xml
INJECTED from src\main\AndroidManifest.xml
	android:targetSdkVersion
		INJECTED from src\main\AndroidManifest.xml
		ADDED from src\main\AndroidManifest.xml
		INJECTED from src\main\AndroidManifest.xml
	android:minSdkVersion
		INJECTED from src\main\AndroidManifest.xml
		ADDED from src\main\AndroidManifest.xml
		INJECTED from src\main\AndroidManifest.xml
queries
ADDED from [:flutter_inappwebview] AndroidManifest.xml:7:5-11:15
MERGED from [:flutter_downloader] AndroidManifest.xml:8:5-12:15
MERGED from [:flutter_downloader] AndroidManifest.xml:8:5-12:15
intent#action:name:android.support.customtabs.action.CustomTabsService
ADDED from [:flutter_inappwebview] AndroidManifest.xml:8:9-10:18
action#android.support.customtabs.action.CustomTabsService
ADDED from [:flutter_inappwebview] AndroidManifest.xml:9:13-90
	android:name
		ADDED from [:flutter_inappwebview] AndroidManifest.xml:9:21-87
activity#com.pichillilorenzo.flutter_inappwebview.in_app_browser.InAppBrowserActivity
ADDED from [:flutter_inappwebview] AndroidManifest.xml:14:9-17:47
	android:configChanges
		ADDED from [:flutter_inappwebview] AndroidManifest.xml:16:13-137
	android:theme
		ADDED from [:flutter_inappwebview] AndroidManifest.xml:17:13-44
	android:name
		ADDED from [:flutter_inappwebview] AndroidManifest.xml:15:13-104
activity#com.pichillilorenzo.flutter_inappwebview.chrome_custom_tabs.ChromeCustomTabsActivity
ADDED from [:flutter_inappwebview] AndroidManifest.xml:18:9-20:55
	android:theme
		ADDED from [:flutter_inappwebview] AndroidManifest.xml:20:13-52
	android:name
		ADDED from [:flutter_inappwebview] AndroidManifest.xml:19:13-112
receiver#com.pichillilorenzo.flutter_inappwebview.chrome_custom_tabs.ActionBroadcastReceiver
ADDED from [:flutter_inappwebview] AndroidManifest.xml:22:9-120
	android:name
		ADDED from [:flutter_inappwebview] AndroidManifest.xml:22:19-117
meta-data#io.flutter.embedded_views_preview
ADDED from [:flutter_inappwebview] AndroidManifest.xml:24:9-26:36
	android:value
		ADDED from [:flutter_inappwebview] AndroidManifest.xml:26:13-33
	android:name
		ADDED from [:flutter_inappwebview] AndroidManifest.xml:25:13-61
activity#io.flutter.plugins.urllauncher.WebViewActivity
ADDED from [:url_launcher] AndroidManifest.xml:8:9-11:74
	android:exported
		ADDED from [:url_launcher] AndroidManifest.xml:10:13-37
	android:theme
		ADDED from [:url_launcher] AndroidManifest.xml:11:13-71
	android:name
		ADDED from [:url_launcher] AndroidManifest.xml:9:13-74
intent#action:name:android.intent.action.VIEW
ADDED from [:flutter_downloader] AndroidManifest.xml:9:9-11:18
action#android.intent.action.VIEW
ADDED from [:flutter_downloader] AndroidManifest.xml:10:13-65
	android:name
		ADDED from [:flutter_downloader] AndroidManifest.xml:10:21-62
uses-permission#android.permission.WAKE_LOCK
ADDED from [androidx.work:work-runtime:2.7.0-rc01] AndroidManifest.xml:25:5-68
	android:name
		ADDED from [androidx.work:work-runtime:2.7.0-rc01] AndroidManifest.xml:25:22-65
uses-permission#android.permission.ACCESS_NETWORK_STATE
ADDED from [androidx.work:work-runtime:2.7.0-rc01] AndroidManifest.xml:26:5-79
	android:name
		ADDED from [androidx.work:work-runtime:2.7.0-rc01] AndroidManifest.xml:26:22-76
uses-permission#android.permission.RECEIVE_BOOT_COMPLETED
ADDED from [androidx.work:work-runtime:2.7.0-rc01] AndroidManifest.xml:27:5-81
	android:name
		ADDED from [androidx.work:work-runtime:2.7.0-rc01] AndroidManifest.xml:27:22-78
uses-permission#android.permission.FOREGROUND_SERVICE
ADDED from [androidx.work:work-runtime:2.7.0-rc01] AndroidManifest.xml:28:5-77
	android:name
		ADDED from [androidx.work:work-runtime:2.7.0-rc01] AndroidManifest.xml:28:22-74
provider#androidx.startup.InitializationProvider
ADDED from [androidx.work:work-runtime:2.7.0-rc01] AndroidManifest.xml:31:9-39:20
MERGED from [androidx.startup:startup-runtime:1.0.0] AndroidManifest.xml:26:9-30:34
MERGED from [androidx.startup:startup-runtime:1.0.0] AndroidManifest.xml:26:9-30:34
	tools:node
		ADDED from [androidx.work:work-runtime:2.7.0-rc01] AndroidManifest.xml:35:13-31
	android:authorities
		ADDED from [androidx.work:work-runtime:2.7.0-rc01] AndroidManifest.xml:33:13-68
	android:exported
		ADDED from [androidx.work:work-runtime:2.7.0-rc01] AndroidManifest.xml:34:13-37
	android:name
		ADDED from [androidx.work:work-runtime:2.7.0-rc01] AndroidManifest.xml:32:13-67
meta-data#androidx.work.WorkManagerInitializer
ADDED from [androidx.work:work-runtime:2.7.0-rc01] AndroidManifest.xml:36:13-38:52
	android:value
		ADDED from [androidx.work:work-runtime:2.7.0-rc01] AndroidManifest.xml:38:17-49
	android:name
		ADDED from [androidx.work:work-runtime:2.7.0-rc01] AndroidManifest.xml:37:17-68
service#androidx.work.impl.background.systemalarm.SystemAlarmService
ADDED from [androidx.work:work-runtime:2.7.0-rc01] AndroidManifest.xml:41:9-46:35
	android:enabled
		ADDED from [androidx.work:work-runtime:2.7.0-rc01] AndroidManifest.xml:44:13-72
	android:exported
		ADDED from [androidx.work:work-runtime:2.7.0-rc01] AndroidManifest.xml:45:13-37
	tools:targetApi
		ADDED from [androidx.work:work-runtime:2.7.0-rc01] AndroidManifest.xml:46:13-32
	android:directBootAware
		ADDED from [androidx.work:work-runtime:2.7.0-rc01] AndroidManifest.xml:43:13-44
	android:name
		ADDED from [androidx.work:work-runtime:2.7.0-rc01] AndroidManifest.xml:42:13-88
service#androidx.work.impl.background.systemjob.SystemJobService
ADDED from [androidx.work:work-runtime:2.7.0-rc01] AndroidManifest.xml:47:9-53:35
	android:enabled
		ADDED from [androidx.work:work-runtime:2.7.0-rc01] AndroidManifest.xml:50:13-70
	android:exported
		ADDED from [androidx.work:work-runtime:2.7.0-rc01] AndroidManifest.xml:51:13-36
	android:permission
		ADDED from [androidx.work:work-runtime:2.7.0-rc01] AndroidManifest.xml:52:13-69
	tools:targetApi
		ADDED from [androidx.work:work-runtime:2.7.0-rc01] AndroidManifest.xml:53:13-32
	android:directBootAware
		ADDED from [androidx.work:work-runtime:2.7.0-rc01] AndroidManifest.xml:49:13-44
	android:name
		ADDED from [androidx.work:work-runtime:2.7.0-rc01] AndroidManifest.xml:48:13-84
service#androidx.work.impl.foreground.SystemForegroundService
ADDED from [androidx.work:work-runtime:2.7.0-rc01] AndroidManifest.xml:54:9-59:35
	android:enabled
		ADDED from [androidx.work:work-runtime:2.7.0-rc01] AndroidManifest.xml:57:13-77
	android:exported
		ADDED from [androidx.work:work-runtime:2.7.0-rc01] AndroidManifest.xml:58:13-37
	tools:targetApi
		ADDED from [androidx.work:work-runtime:2.7.0-rc01] AndroidManifest.xml:59:13-32
	android:directBootAware
		ADDED from [androidx.work:work-runtime:2.7.0-rc01] AndroidManifest.xml:56:13-44
	android:name
		ADDED from [androidx.work:work-runtime:2.7.0-rc01] AndroidManifest.xml:55:13-81
receiver#androidx.work.impl.utils.ForceStopRunnable$BroadcastReceiver
ADDED from [androidx.work:work-runtime:2.7.0-rc01] AndroidManifest.xml:61:9-66:35
	android:enabled
		ADDED from [androidx.work:work-runtime:2.7.0-rc01] AndroidManifest.xml:64:13-35
	android:exported
		ADDED from [androidx.work:work-runtime:2.7.0-rc01] AndroidManifest.xml:65:13-37
	tools:targetApi
		ADDED from [androidx.work:work-runtime:2.7.0-rc01] AndroidManifest.xml:66:13-32
	android:directBootAware
		ADDED from [androidx.work:work-runtime:2.7.0-rc01] AndroidManifest.xml:63:13-44
	android:name
		ADDED from [androidx.work:work-runtime:2.7.0-rc01] AndroidManifest.xml:62:13-88
receiver#androidx.work.impl.background.systemalarm.ConstraintProxy$BatteryChargingProxy
ADDED from [androidx.work:work-runtime:2.7.0-rc01] AndroidManifest.xml:67:9-77:20
	android:enabled
		ADDED from [androidx.work:work-runtime:2.7.0-rc01] AndroidManifest.xml:70:13-36
	android:exported
		ADDED from [androidx.work:work-runtime:2.7.0-rc01] AndroidManifest.xml:71:13-37
	tools:targetApi
		ADDED from [androidx.work:work-runtime:2.7.0-rc01] AndroidManifest.xml:72:13-32
	android:directBootAware
		ADDED from [androidx.work:work-runtime:2.7.0-rc01] AndroidManifest.xml:69:13-44
	android:name
		ADDED from [androidx.work:work-runtime:2.7.0-rc01] AndroidManifest.xml:68:13-106
intent-filter#action:name:android.intent.action.ACTION_POWER_CONNECTED+action:name:android.intent.action.ACTION_POWER_DISCONNECTED
ADDED from [androidx.work:work-runtime:2.7.0-rc01] AndroidManifest.xml:73:13-76:29
action#android.intent.action.ACTION_POWER_CONNECTED
ADDED from [androidx.work:work-runtime:2.7.0-rc01] AndroidManifest.xml:74:17-87
	android:name
		ADDED from [androidx.work:work-runtime:2.7.0-rc01] AndroidManifest.xml:74:25-84
action#android.intent.action.ACTION_POWER_DISCONNECTED
ADDED from [androidx.work:work-runtime:2.7.0-rc01] AndroidManifest.xml:75:17-90
	android:name
		ADDED from [androidx.work:work-runtime:2.7.0-rc01] AndroidManifest.xml:75:25-87
receiver#androidx.work.impl.background.systemalarm.ConstraintProxy$BatteryNotLowProxy
ADDED from [androidx.work:work-runtime:2.7.0-rc01] AndroidManifest.xml:78:9-88:20
	android:enabled
		ADDED from [androidx.work:work-runtime:2.7.0-rc01] AndroidManifest.xml:81:13-36
	android:exported
		ADDED from [androidx.work:work-runtime:2.7.0-rc01] AndroidManifest.xml:82:13-37
	tools:targetApi
		ADDED from [androidx.work:work-runtime:2.7.0-rc01] AndroidManifest.xml:83:13-32
	android:directBootAware
		ADDED from [androidx.work:work-runtime:2.7.0-rc01] AndroidManifest.xml:80:13-44
	android:name
		ADDED from [androidx.work:work-runtime:2.7.0-rc01] AndroidManifest.xml:79:13-104
intent-filter#action:name:android.intent.action.BATTERY_LOW+action:name:android.intent.action.BATTERY_OKAY
ADDED from [androidx.work:work-runtime:2.7.0-rc01] AndroidManifest.xml:84:13-87:29
action#android.intent.action.BATTERY_OKAY
ADDED from [androidx.work:work-runtime:2.7.0-rc01] AndroidManifest.xml:85:17-77
	android:name
		ADDED from [androidx.work:work-runtime:2.7.0-rc01] AndroidManifest.xml:85:25-74
action#android.intent.action.BATTERY_LOW
ADDED from [androidx.work:work-runtime:2.7.0-rc01] AndroidManifest.xml:86:17-76
	android:name
		ADDED from [androidx.work:work-runtime:2.7.0-rc01] AndroidManifest.xml:86:25-73